INFO=====>voc dataset init finished  ! !
total_images : 11540
INFO===>success frozen BN
INFO===>success frozen backbone stage1
/home/Disk1/zhangqiang/anaconda3/envs/fc/lib/python3.11/site-packages/torch/functional.py:504: UserWarning: torch.meshgrid: in an upcoming release, it will be required to pass the indexing argument. (Triggered internally at ../aten/src/ATen/native/TensorShape.cpp:3483.)
  return _VF.meshgrid(tensors, **kwargs)  # type: ignore[attr-defined]
/home/Disk1/zhangqiang/anaconda3/envs/fc/lib/python3.11/site-packages/torch/nn/parallel/_functions.py:68: UserWarning: Was asked to gather along dimension 0, but all input tensors were scalars; will instead unsqueeze and return a vector.
  warnings.warn('Was asked to gather along dimension 0, but all '
global_steps:1 epoch:1 steps:1/2885 cls_loss:1.0881 cnt_loss:0.6887 reg_loss:0.9988 cost_time:13767ms lr=3.9920e-06 total_loss:2.7756
global_steps:2 epoch:1 steps:2/2885 cls_loss:1.2839 cnt_loss:0.6909 reg_loss:0.9999 cost_time:508ms lr=7.9840e-06 total_loss:2.9747
global_steps:3 epoch:1 steps:3/2885 cls_loss:1.3453 cnt_loss:0.7005 reg_loss:1.0000 cost_time:487ms lr=1.1976e-05 total_loss:3.0457
global_steps:4 epoch:1 steps:4/2885 cls_loss:1.3049 cnt_loss:0.6865 reg_loss:1.0000 cost_time:340ms lr=1.5968e-05 total_loss:2.9914
global_steps:5 epoch:1 steps:5/2885 cls_loss:1.3521 cnt_loss:0.7098 reg_loss:1.0000 cost_time:346ms lr=1.9960e-05 total_loss:3.0618
global_steps:6 epoch:1 steps:6/2885 cls_loss:1.2259 cnt_loss:0.7002 reg_loss:1.0000 cost_time:498ms lr=2.3952e-05 total_loss:2.9262
global_steps:7 epoch:1 steps:7/2885 cls_loss:1.4427 cnt_loss:0.6578 reg_loss:0.9999 cost_time:518ms lr=2.7944e-05 total_loss:3.1004
global_steps:8 epoch:1 steps:8/2885 cls_loss:1.3293 cnt_loss:0.6913 reg_loss:0.9995 cost_time:395ms lr=3.1936e-05 total_loss:3.0201
global_steps:9 epoch:1 steps:9/2885 cls_loss:1.1239 cnt_loss:0.6984 reg_loss:1.0001 cost_time:362ms lr=3.5928e-05 total_loss:2.8223
global_steps:10 epoch:1 steps:10/2885 cls_loss:1.2548 cnt_loss:0.6642 reg_loss:0.9998 cost_time:499ms lr=3.9920e-05 total_loss:2.9188
global_steps:11 epoch:1 steps:11/2885 cls_loss:1.1720 cnt_loss:0.6674 reg_loss:0.9996 cost_time:323ms lr=4.3912e-05 total_loss:2.8391
global_steps:12 epoch:1 steps:12/2885 cls_loss:1.3485 cnt_loss:0.6823 reg_loss:1.0000 cost_time:350ms lr=4.7904e-05 total_loss:3.0307
global_steps:13 epoch:1 steps:13/2885 cls_loss:1.1893 cnt_loss:0.6359 reg_loss:0.9999 cost_time:510ms lr=5.1896e-05 total_loss:2.8251
global_steps:14 epoch:1 steps:14/2885 cls_loss:1.2157 cnt_loss:0.6532 reg_loss:0.9999 cost_time:520ms lr=5.5888e-05 total_loss:2.8689
global_steps:15 epoch:1 steps:15/2885 cls_loss:1.3415 cnt_loss:0.6336 reg_loss:1.0000 cost_time:361ms lr=5.9880e-05 total_loss:2.9750
global_steps:16 epoch:1 steps:16/2885 cls_loss:1.6428 cnt_loss:0.4778 reg_loss:0.7499 cost_time:525ms lr=6.3872e-05 total_loss:2.8706
global_steps:17 epoch:1 steps:17/2885 cls_loss:1.2925 cnt_loss:0.7319 reg_loss:0.9989 cost_time:335ms lr=6.7864e-05 total_loss:3.0233
global_steps:18 epoch:1 steps:18/2885 cls_loss:1.3404 cnt_loss:0.7521 reg_loss:0.9999 cost_time:524ms lr=7.1856e-05 total_loss:3.0924
global_steps:19 epoch:1 steps:19/2885 cls_loss:1.3427 cnt_loss:0.6970 reg_loss:0.9991 cost_time:556ms lr=7.5848e-05 total_loss:3.0389
global_steps:20 epoch:1 steps:20/2885 cls_loss:1.2862 cnt_loss:0.6905 reg_loss:0.9999 cost_time:487ms lr=7.9840e-05 total_loss:2.9767
global_steps:21 epoch:1 steps:21/2885 cls_loss:1.1309 cnt_loss:0.6635 reg_loss:0.9999 cost_time:519ms lr=8.3832e-05 total_loss:2.7944
global_steps:22 epoch:1 steps:22/2885 cls_loss:1.0424 cnt_loss:0.7066 reg_loss:0.9998 cost_time:485ms lr=8.7824e-05 total_loss:2.7489
global_steps:23 epoch:1 steps:23/2885 cls_loss:1.1444 cnt_loss:0.6293 reg_loss:0.9998 cost_time:657ms lr=9.1816e-05 total_loss:2.7734
global_steps:24 epoch:1 steps:24/2885 cls_loss:1.1903 cnt_loss:0.6591 reg_loss:0.9995 cost_time:490ms lr=9.5808e-05 total_loss:2.8489
global_steps:25 epoch:1 steps:25/2885 cls_loss:1.0351 cnt_loss:0.6997 reg_loss:0.9968 cost_time:331ms lr=9.9800e-05 total_loss:2.7316
global_steps:26 epoch:1 steps:26/2885 cls_loss:1.1503 cnt_loss:0.6527 reg_loss:0.9999 cost_time:318ms lr=1.0379e-04 total_loss:2.8028
global_steps:27 epoch:1 steps:27/2885 cls_loss:1.3160 cnt_loss:0.6838 reg_loss:0.9999 cost_time:474ms lr=1.0778e-04 total_loss:2.9998
global_steps:28 epoch:1 steps:28/2885 cls_loss:1.1986 cnt_loss:0.6524 reg_loss:0.9998 cost_time:493ms lr=1.1178e-04 total_loss:2.8508
global_steps:29 epoch:1 steps:29/2885 cls_loss:1.4325 cnt_loss:0.5043 reg_loss:0.7500 cost_time:493ms lr=1.1577e-04 total_loss:2.6868
global_steps:30 epoch:1 steps:30/2885 cls_loss:0.9144 cnt_loss:0.6562 reg_loss:0.9999 cost_time:462ms lr=1.1976e-04 total_loss:2.5705
global_steps:31 epoch:1 steps:31/2885 cls_loss:1.1625 cnt_loss:0.6510 reg_loss:0.9996 cost_time:360ms lr=1.2375e-04 total_loss:2.8131
global_steps:32 epoch:1 steps:32/2885 cls_loss:1.1417 cnt_loss:0.6537 reg_loss:0.9998 cost_time:339ms lr=1.2774e-04 total_loss:2.7951
global_steps:33 epoch:1 steps:33/2885 cls_loss:1.1370 cnt_loss:0.6725 reg_loss:1.0000 cost_time:459ms lr=1.3174e-04 total_loss:2.8095
global_steps:34 epoch:1 steps:34/2885 cls_loss:1.0993 cnt_loss:0.6555 reg_loss:1.0000 cost_time:328ms lr=1.3573e-04 total_loss:2.7548
global_steps:35 epoch:1 steps:35/2885 cls_loss:1.1780 cnt_loss:0.6445 reg_loss:1.0000 cost_time:347ms lr=1.3972e-04 total_loss:2.8225
global_steps:36 epoch:1 steps:36/2885 cls_loss:1.0830 cnt_loss:0.6418 reg_loss:1.0000 cost_time:484ms lr=1.4371e-04 total_loss:2.7247
global_steps:37 epoch:1 steps:37/2885 cls_loss:1.1710 cnt_loss:0.6438 reg_loss:0.9999 cost_time:533ms lr=1.4770e-04 total_loss:2.8147
global_steps:38 epoch:1 steps:38/2885 cls_loss:0.9954 cnt_loss:0.6715 reg_loss:0.9993 cost_time:375ms lr=1.5170e-04 total_loss:2.6662
global_steps:39 epoch:1 steps:39/2885 cls_loss:1.0227 cnt_loss:0.6211 reg_loss:1.0000 cost_time:318ms lr=1.5569e-04 total_loss:2.6438
global_steps:40 epoch:1 steps:40/2885 cls_loss:1.0064 cnt_loss:0.6769 reg_loss:0.9999 cost_time:493ms lr=1.5968e-04 total_loss:2.6832
global_steps:41 epoch:1 steps:41/2885 cls_loss:0.8906 cnt_loss:0.6465 reg_loss:0.9999 cost_time:336ms lr=1.6367e-04 total_loss:2.5371
global_steps:42 epoch:1 steps:42/2885 cls_loss:0.9711 cnt_loss:0.6252 reg_loss:1.0000 cost_time:336ms lr=1.6766e-04 total_loss:2.5962
global_steps:43 epoch:1 steps:43/2885 cls_loss:1.1054 cnt_loss:0.6477 reg_loss:1.0000 cost_time:338ms lr=1.7166e-04 total_loss:2.7532
global_steps:44 epoch:1 steps:44/2885 cls_loss:1.1626 cnt_loss:0.6324 reg_loss:0.9998 cost_time:332ms lr=1.7565e-04 total_loss:2.7948
global_steps:45 epoch:1 steps:45/2885 cls_loss:1.4481 cnt_loss:0.6496 reg_loss:0.9999 cost_time:502ms lr=1.7964e-04 total_loss:3.0976
global_steps:46 epoch:1 steps:46/2885 cls_loss:1.0649 cnt_loss:0.6468 reg_loss:0.9999 cost_time:333ms lr=1.8363e-04 total_loss:2.7116
global_steps:47 epoch:1 steps:47/2885 cls_loss:0.9732 cnt_loss:0.6730 reg_loss:0.9997 cost_time:553ms lr=1.8762e-04 total_loss:2.6459
global_steps:48 epoch:1 steps:48/2885 cls_loss:1.0548 cnt_loss:0.6476 reg_loss:1.0000 cost_time:331ms lr=1.9162e-04 total_loss:2.7023
global_steps:49 epoch:1 steps:49/2885 cls_loss:1.0720 cnt_loss:0.6613 reg_loss:0.9999 cost_time:641ms lr=1.9561e-04 total_loss:2.7332
global_steps:50 epoch:1 steps:50/2885 cls_loss:1.1531 cnt_loss:0.6739 reg_loss:0.9999 cost_time:313ms lr=1.9960e-04 total_loss:2.8269
global_steps:51 epoch:1 steps:51/2885 cls_loss:1.0906 cnt_loss:0.6632 reg_loss:0.9999 cost_time:326ms lr=2.0359e-04 total_loss:2.7538
global_steps:52 epoch:1 steps:52/2885 cls_loss:1.2266 cnt_loss:0.6268 reg_loss:1.0000 cost_time:493ms lr=2.0758e-04 total_loss:2.8534
global_steps:53 epoch:1 steps:53/2885 cls_loss:1.1641 cnt_loss:0.6508 reg_loss:0.9999 cost_time:340ms lr=2.1158e-04 total_loss:2.8149
global_steps:54 epoch:1 steps:54/2885 cls_loss:1.0719 cnt_loss:0.6495 reg_loss:1.0000 cost_time:341ms lr=2.1557e-04 total_loss:2.7214
global_steps:55 epoch:1 steps:55/2885 cls_loss:1.2396 cnt_loss:0.6678 reg_loss:1.0000 cost_time:489ms lr=2.1956e-04 total_loss:2.9073
global_steps:56 epoch:1 steps:56/2885 cls_loss:1.1170 cnt_loss:0.6612 reg_loss:0.9999 cost_time:512ms lr=2.2355e-04 total_loss:2.7782
global_steps:57 epoch:1 steps:57/2885 cls_loss:1.1319 cnt_loss:0.6536 reg_loss:0.9996 cost_time:462ms lr=2.2754e-04 total_loss:2.7851
global_steps:58 epoch:1 steps:58/2885 cls_loss:1.0554 cnt_loss:0.6447 reg_loss:1.0000 cost_time:326ms lr=2.3154e-04 total_loss:2.7001
global_steps:59 epoch:1 steps:59/2885 cls_loss:1.2573 cnt_loss:0.6041 reg_loss:0.9999 cost_time:527ms lr=2.3553e-04 total_loss:2.8613
global_steps:60 epoch:1 steps:60/2885 cls_loss:0.9878 cnt_loss:0.6414 reg_loss:1.0000 cost_time:352ms lr=2.3952e-04 total_loss:2.6291
global_steps:61 epoch:1 steps:61/2885 cls_loss:1.1288 cnt_loss:0.6566 reg_loss:0.9998 cost_time:334ms lr=2.4351e-04 total_loss:2.7851
global_steps:62 epoch:1 steps:62/2885 cls_loss:1.1239 cnt_loss:0.6335 reg_loss:0.9998 cost_time:500ms lr=2.4750e-04 total_loss:2.7573
global_steps:63 epoch:1 steps:63/2885 cls_loss:0.9803 cnt_loss:0.6814 reg_loss:1.0000 cost_time:320ms lr=2.5150e-04 total_loss:2.6617
global_steps:64 epoch:1 steps:64/2885 cls_loss:1.0646 cnt_loss:0.6313 reg_loss:0.9996 cost_time:316ms lr=2.5549e-04 total_loss:2.6956
global_steps:65 epoch:1 steps:65/2885 cls_loss:0.9732 cnt_loss:0.6183 reg_loss:0.9999 cost_time:507ms lr=2.5948e-04 total_loss:2.5915
global_steps:66 epoch:1 steps:66/2885 cls_loss:1.0522 cnt_loss:0.6761 reg_loss:0.9999 cost_time:611ms lr=2.6347e-04 total_loss:2.7282
global_steps:67 epoch:1 steps:67/2885 cls_loss:0.9557 cnt_loss:0.6566 reg_loss:0.9998 cost_time:477ms lr=2.6747e-04 total_loss:2.6121
global_steps:68 epoch:1 steps:68/2885 cls_loss:0.9703 cnt_loss:0.6478 reg_loss:0.9999 cost_time:323ms lr=2.7146e-04 total_loss:2.6180
global_steps:69 epoch:1 steps:69/2885 cls_loss:1.0155 cnt_loss:0.4763 reg_loss:0.7499 cost_time:365ms lr=2.7545e-04 total_loss:2.2417
global_steps:70 epoch:1 steps:70/2885 cls_loss:0.9251 cnt_loss:0.6477 reg_loss:0.9999 cost_time:471ms lr=2.7944e-04 total_loss:2.5726
global_steps:71 epoch:1 steps:71/2885 cls_loss:0.9104 cnt_loss:0.6129 reg_loss:0.9999 cost_time:313ms lr=2.8343e-04 total_loss:2.5232
global_steps:72 epoch:1 steps:72/2885 cls_loss:1.2928 cnt_loss:0.4940 reg_loss:0.7499 cost_time:338ms lr=2.8743e-04 total_loss:2.5366
global_steps:73 epoch:1 steps:73/2885 cls_loss:1.1250 cnt_loss:0.6438 reg_loss:0.9996 cost_time:353ms lr=2.9142e-04 total_loss:2.7684
global_steps:74 epoch:1 steps:74/2885 cls_loss:0.9344 cnt_loss:0.6285 reg_loss:1.0000 cost_time:332ms lr=2.9541e-04 total_loss:2.5629
global_steps:75 epoch:1 steps:75/2885 cls_loss:0.9589 cnt_loss:0.6659 reg_loss:1.0000 cost_time:316ms lr=2.9940e-04 total_loss:2.6247
global_steps:76 epoch:1 steps:76/2885 cls_loss:0.9544 cnt_loss:0.7005 reg_loss:1.0000 cost_time:495ms lr=3.0339e-04 total_loss:2.6549
global_steps:77 epoch:1 steps:77/2885 cls_loss:0.9820 cnt_loss:0.6173 reg_loss:1.0000 cost_time:492ms lr=3.0739e-04 total_loss:2.5993
global_steps:78 epoch:1 steps:78/2885 cls_loss:0.9512 cnt_loss:0.6274 reg_loss:0.9999 cost_time:331ms lr=3.1138e-04 total_loss:2.5784
global_steps:79 epoch:1 steps:79/2885 cls_loss:0.8468 cnt_loss:0.6087 reg_loss:0.9999 cost_time:472ms lr=3.1537e-04 total_loss:2.4554
global_steps:80 epoch:1 steps:80/2885 cls_loss:0.8562 cnt_loss:0.6435 reg_loss:1.0000 cost_time:475ms lr=3.1936e-04 total_loss:2.4996
global_steps:81 epoch:1 steps:81/2885 cls_loss:0.9485 cnt_loss:0.6438 reg_loss:0.9999 cost_time:343ms lr=3.2335e-04 total_loss:2.5922
global_steps:82 epoch:1 steps:82/2885 cls_loss:1.0398 cnt_loss:0.6304 reg_loss:0.9999 cost_time:320ms lr=3.2735e-04 total_loss:2.6701
global_steps:83 epoch:1 steps:83/2885 cls_loss:0.7185 cnt_loss:0.6279 reg_loss:1.0000 cost_time:325ms lr=3.3134e-04 total_loss:2.3463
global_steps:84 epoch:1 steps:84/2885 cls_loss:0.7383 cnt_loss:0.6332 reg_loss:0.9999 cost_time:340ms lr=3.3533e-04 total_loss:2.3715
global_steps:85 epoch:1 steps:85/2885 cls_loss:1.1355 cnt_loss:0.3279 reg_loss:0.5002 cost_time:498ms lr=3.3932e-04 total_loss:1.9637
global_steps:86 epoch:1 steps:86/2885 cls_loss:0.8467 cnt_loss:0.6782 reg_loss:1.0018 cost_time:320ms lr=3.4331e-04 total_loss:2.5267
global_steps:87 epoch:1 steps:87/2885 cls_loss:0.6843 cnt_loss:0.6399 reg_loss:1.0000 cost_time:325ms lr=3.4731e-04 total_loss:2.3241
global_steps:88 epoch:1 steps:88/2885 cls_loss:1.0674 cnt_loss:0.6677 reg_loss:0.9996 cost_time:332ms lr=3.5130e-04 total_loss:2.7346
global_steps:89 epoch:1 steps:89/2885 cls_loss:0.7859 cnt_loss:0.6241 reg_loss:1.0000 cost_time:329ms lr=3.5529e-04 total_loss:2.4100
global_steps:90 epoch:1 steps:90/2885 cls_loss:1.0006 cnt_loss:0.6952 reg_loss:0.9998 cost_time:497ms lr=3.5928e-04 total_loss:2.6955
global_steps:91 epoch:1 steps:91/2885 cls_loss:0.8823 cnt_loss:0.6389 reg_loss:0.9999 cost_time:327ms lr=3.6327e-04 total_loss:2.5211
global_steps:92 epoch:1 steps:92/2885 cls_loss:0.9252 cnt_loss:0.4943 reg_loss:0.7497 cost_time:474ms lr=3.6727e-04 total_loss:2.1692
global_steps:93 epoch:1 steps:93/2885 cls_loss:0.8471 cnt_loss:0.6563 reg_loss:1.0000 cost_time:326ms lr=3.7126e-04 total_loss:2.5034
global_steps:94 epoch:1 steps:94/2885 cls_loss:0.7716 cnt_loss:0.6179 reg_loss:1.0000 cost_time:336ms lr=3.7525e-04 total_loss:2.3895
global_steps:95 epoch:1 steps:95/2885 cls_loss:0.7403 cnt_loss:0.6524 reg_loss:0.9997 cost_time:346ms lr=3.7924e-04 total_loss:2.3924
global_steps:96 epoch:1 steps:96/2885 cls_loss:0.9278 cnt_loss:0.6794 reg_loss:0.9998 cost_time:323ms lr=3.8323e-04 total_loss:2.6071
global_steps:97 epoch:1 steps:97/2885 cls_loss:0.9070 cnt_loss:0.5135 reg_loss:0.7498 cost_time:314ms lr=3.8723e-04 total_loss:2.1702
global_steps:98 epoch:1 steps:98/2885 cls_loss:0.6342 cnt_loss:0.6403 reg_loss:1.0000 cost_time:500ms lr=3.9122e-04 total_loss:2.2745
global_steps:99 epoch:1 steps:99/2885 cls_loss:0.9786 cnt_loss:0.6276 reg_loss:0.9995 cost_time:528ms lr=3.9521e-04 total_loss:2.6057
global_steps:100 epoch:1 steps:100/2885 cls_loss:0.6868 cnt_loss:0.6186 reg_loss:1.0000 cost_time:352ms lr=3.9920e-04 total_loss:2.3053
global_steps:101 epoch:1 steps:101/2885 cls_loss:0.8341 cnt_loss:0.6555 reg_loss:1.0000 cost_time:327ms lr=4.0319e-04 total_loss:2.4895
global_steps:102 epoch:1 steps:102/2885 cls_loss:0.6400 cnt_loss:0.6643 reg_loss:0.9999 cost_time:325ms lr=4.0719e-04 total_loss:2.3043
global_steps:103 epoch:1 steps:103/2885 cls_loss:0.7664 cnt_loss:0.6487 reg_loss:0.9999 cost_time:351ms lr=4.1118e-04 total_loss:2.4150
global_steps:104 epoch:1 steps:104/2885 cls_loss:0.9339 cnt_loss:0.4911 reg_loss:0.7499 cost_time:333ms lr=4.1517e-04 total_loss:2.1749
global_steps:105 epoch:1 steps:105/2885 cls_loss:0.8668 cnt_loss:0.6044 reg_loss:0.9998 cost_time:464ms lr=4.1916e-04 total_loss:2.4711
global_steps:106 epoch:1 steps:106/2885 cls_loss:0.6773 cnt_loss:0.6176 reg_loss:1.0000 cost_time:477ms lr=4.2315e-04 total_loss:2.2948
global_steps:107 epoch:1 steps:107/2885 cls_loss:0.7763 cnt_loss:0.6339 reg_loss:1.0000 cost_time:340ms lr=4.2715e-04 total_loss:2.4102
global_steps:108 epoch:1 steps:108/2885 cls_loss:0.6698 cnt_loss:0.6343 reg_loss:0.9999 cost_time:488ms lr=4.3114e-04 total_loss:2.3040
global_steps:109 epoch:1 steps:109/2885 cls_loss:0.7472 cnt_loss:0.6389 reg_loss:0.9998 cost_time:485ms lr=4.3513e-04 total_loss:2.3859
global_steps:110 epoch:1 steps:110/2885 cls_loss:0.9332 cnt_loss:0.5052 reg_loss:0.7499 cost_time:352ms lr=4.3912e-04 total_loss:2.1884
global_steps:111 epoch:1 steps:111/2885 cls_loss:0.7816 cnt_loss:0.6261 reg_loss:1.0000 cost_time:479ms lr=4.4311e-04 total_loss:2.4077
global_steps:112 epoch:1 steps:112/2885 cls_loss:0.7345 cnt_loss:0.4663 reg_loss:0.7499 cost_time:331ms lr=4.4711e-04 total_loss:1.9507
global_steps:113 epoch:1 steps:113/2885 cls_loss:0.8926 cnt_loss:0.6479 reg_loss:0.9996 cost_time:323ms lr=4.5110e-04 total_loss:2.5401
global_steps:114 epoch:1 steps:114/2885 cls_loss:0.5792 cnt_loss:0.6200 reg_loss:1.0000 cost_time:327ms lr=4.5509e-04 total_loss:2.1992
global_steps:115 epoch:1 steps:115/2885 cls_loss:0.7314 cnt_loss:0.6323 reg_loss:0.9999 cost_time:329ms lr=4.5908e-04 total_loss:2.3636
global_steps:116 epoch:1 steps:116/2885 cls_loss:0.8374 cnt_loss:0.6238 reg_loss:1.0000 cost_time:321ms lr=4.6307e-04 total_loss:2.4612
global_steps:117 epoch:1 steps:117/2885 cls_loss:0.8705 cnt_loss:0.6489 reg_loss:0.9998 cost_time:491ms lr=4.6707e-04 total_loss:2.5193
global_steps:118 epoch:1 steps:118/2885 cls_loss:0.7183 cnt_loss:0.4848 reg_loss:0.7498 cost_time:323ms lr=4.7106e-04 total_loss:1.9529
global_steps:119 epoch:1 steps:119/2885 cls_loss:0.7939 cnt_loss:0.6407 reg_loss:0.9998 cost_time:327ms lr=4.7505e-04 total_loss:2.4345
global_steps:120 epoch:1 steps:120/2885 cls_loss:0.6756 cnt_loss:0.6549 reg_loss:0.9999 cost_time:334ms lr=4.7904e-04 total_loss:2.3305
global_steps:121 epoch:1 steps:121/2885 cls_loss:0.8996 cnt_loss:0.4827 reg_loss:0.7500 cost_time:336ms lr=4.8303e-04 total_loss:2.1324
